[0121/195146.614:ERROR:directory_reader_win.cc(43)] FindFirstFile: The system cannot find the path specified. (0x3)
[0122/071856.084:ERROR:process_reader_win.cc(151)] SuspendThread: Access is denied. (0x5)
[0122/071856.084:ERROR:process_reader_win.cc(151)] SuspendThread: Access is denied. (0x5)
[0122/071856.085:ERROR:process_reader_win.cc(123)] NtOpenThread: {Access Denied} A process has requested access to an object, but has not been granted those access rights. (0xc0000022)
[0122/071856.156:ERROR:exception_snapshot_win.cc(99)] thread ID 8596 not found in process
[0122/071857.851:ERROR:process_reader_win.cc(151)] SuspendThread: Access is denied. (0x5)
[0122/071857.851:ERROR:process_reader_win.cc(151)] SuspendThread: Access is denied. (0x5)
[0122/071857.852:ERROR:process_reader_win.cc(151)] SuspendThread: Access is denied. (0x5)
[0122/071857.852:ERROR:process_reader_win.cc(151)] SuspendThread: Access is denied. (0x5)
[0122/071857.853:ERROR:process_reader_win.cc(151)] SuspendThread: Access is denied. (0x5)
[0122/071857.853:ERROR:process_reader_win.cc(151)] SuspendThread: Access is denied. (0x5)
[0122/071857.853:ERROR:process_reader_win.cc(151)] SuspendThread: Access is denied. (0x5)
[0122/071857.853:ERROR:process_reader_win.cc(151)] SuspendThread: Access is denied. (0x5)
[0122/071857.853:ERROR:process_reader_win.cc(151)] SuspendThread: Access is denied. (0x5)
[0122/071857.853:ERROR:process_reader_win.cc(151)] SuspendThread: Access is denied. (0x5)
[0122/071857.853:ERROR:process_reader_win.cc(151)] SuspendThread: Access is denied. (0x5)
[0122/071857.853:ERROR:process_reader_win.cc(151)] SuspendThread: Access is denied. (0x5)
[0122/071857.853:ERROR:process_reader_win.cc(151)] SuspendThread: Access is denied. (0x5)
[0122/071857.854:ERROR:process_reader_win.cc(123)] NtOpenThread: {Access Denied} A process has requested access to an object, but has not been granted those access rights. (0xc0000022)
[0122/071857.854:ERROR:exception_snapshot_win.cc(99)] thread ID 2504 not found in process
[0122/071857.951:ERROR:process_reader_win.cc(151)] SuspendThread: Access is denied. (0x5)
[0122/071857.951:ERROR:process_reader_win.cc(151)] SuspendThread: Access is denied. (0x5)
[0122/071857.952:ERROR:process_reader_win.cc(151)] SuspendThread: Access is denied. (0x5)
[0122/071857.952:ERROR:process_reader_win.cc(151)] SuspendThread: Access is denied. (0x5)
[0122/071857.952:ERROR:process_reader_win.cc(151)] SuspendThread: Access is denied. (0x5)
[0122/071857.952:ERROR:process_reader_win.cc(151)] SuspendThread: Access is denied. (0x5)
[0122/071857.952:ERROR:process_reader_win.cc(151)] SuspendThread: Access is denied. (0x5)
[0122/071857.952:ERROR:process_reader_win.cc(151)] SuspendThread: Access is denied. (0x5)
[0122/071857.952:ERROR:process_reader_win.cc(151)] SuspendThread: Access is denied. (0x5)
[0122/071857.952:ERROR:process_reader_win.cc(151)] SuspendThread: Access is denied. (0x5)
[0122/071857.952:ERROR:process_reader_win.cc(151)] SuspendThread: Access is denied. (0x5)
[0122/071857.952:ERROR:process_reader_win.cc(151)] SuspendThread: Access is denied. (0x5)
[0122/071857.953:ERROR:process_reader_win.cc(151)] SuspendThread: Access is denied. (0x5)
[0122/071857.953:ERROR:process_reader_win.cc(123)] NtOpenThread: {Access Denied} A process has requested access to an object, but has not been granted those access rights. (0xc0000022)
[0122/071857.953:ERROR:exception_snapshot_win.cc(99)] thread ID 12892 not found in process
[0125/071207.737:ERROR:directory_reader_win.cc(43)] FindFirstFile: The system cannot find the path specified. (0x3)
[0126/144945.098:ERROR:directory_reader_win.cc(43)] FindFirstFile: The system cannot find the path specified. (0x3)
[0126/165112.176:ERROR:process_reader_win.cc(123)] NtOpenThread: {Access Denied} A process has requested access to an object, but has not been granted those access rights. (0xc0000022)
[0126/165112.176:ERROR:process_reader_win.cc(123)] NtOpenThread: {Access Denied} A process has requested access to an object, but has not been granted those access rights. (0xc0000022)
[0126/165112.176:ERROR:process_reader_win.cc(123)] NtOpenThread: {Access Denied} A process has requested access to an object, but has not been granted those access rights. (0xc0000022)
[0126/165112.176:ERROR:process_reader_win.cc(123)] NtOpenThread: {Access Denied} A process has requested access to an object, but has not been granted those access rights. (0xc0000022)
[0126/165112.464:ERROR:exception_snapshot_win.cc(99)] thread ID 10268 not found in process
[0126/165112.464:ERROR:exception_snapshot_win.cc(99)] thread ID 11676 not found in process
[0126/165112.464:ERROR:exception_snapshot_win.cc(99)] thread ID 12756 not found in process
[0126/165112.464:ERROR:exception_snapshot_win.cc(99)] thread ID 7964 not found in process
[0127/091212.877:ERROR:directory_reader_win.cc(43)] FindFirstFile: The system cannot find the path specified. (0x3)
[0128/083849.851:ERROR:directory_reader_win.cc(43)] FindFirstFile: The system cannot find the path specified. (0x3)
[0129/002447.089:ERROR:process_reader_win.cc(151)] SuspendThread: Access is denied. (0x5)
[0129/002447.130:ERROR:process_reader_win.cc(151)] SuspendThread: Access is denied. (0x5)
[0129/002447.130:ERROR:process_reader_win.cc(151)] SuspendThread: Access is denied. (0x5)
[0129/002447.130:ERROR:process_reader_win.cc(151)] SuspendThread: Access is denied. (0x5)
[0129/002447.130:ERROR:process_reader_win.cc(151)] SuspendThread: Access is denied. (0x5)
[0129/002447.130:ERROR:process_reader_win.cc(151)] SuspendThread: Access is denied. (0x5)
[0129/002447.130:ERROR:process_reader_win.cc(151)] SuspendThread: Access is denied. (0x5)
[0129/002447.130:ERROR:process_reader_win.cc(151)] SuspendThread: Access is denied. (0x5)
[0129/002447.131:ERROR:exception_snapshot_win.cc(99)] thread ID 16780 not found in process
[0129/002447.094:ERROR:process_reader_win.cc(151)] SuspendThread: Access is denied. (0x5)
[0129/002447.132:ERROR:process_reader_win.cc(151)] SuspendThread: Access is denied. (0x5)
[0129/002447.105:ERROR:process_reader_win.cc(151)] SuspendThread: Access is denied. (0x5)
[0129/002447.132:ERROR:process_reader_win.cc(151)] SuspendThread: Access is denied. (0x5)
[0129/002447.132:ERROR:process_reader_win.cc(151)] SuspendThread: Access is denied. (0x5)
[0129/002447.132:ERROR:process_reader_win.cc(151)] SuspendThread: Access is denied. (0x5)
[0129/002447.132:ERROR:process_reader_win.cc(151)] SuspendThread: Access is denied. (0x5)
[0129/002447.132:ERROR:process_reader_win.cc(151)] SuspendThread: Access is denied. (0x5)
[0129/002447.132:ERROR:process_reader_win.cc(151)] SuspendThread: Access is denied. (0x5)
[0129/002447.116:ERROR:process_reader_win.cc(151)] SuspendThread: Access is denied. (0x5)
[0129/002447.133:ERROR:process_reader_win.cc(151)] SuspendThread: Access is denied. (0x5)
[0129/002447.133:ERROR:process_reader_win.cc(151)] SuspendThread: Access is denied. (0x5)
[0129/002447.133:ERROR:process_reader_win.cc(151)] SuspendThread: Access is denied. (0x5)
[0129/002447.133:ERROR:process_reader_win.cc(151)] SuspendThread: Access is denied. (0x5)
[0129/002447.133:ERROR:process_reader_win.cc(151)] SuspendThread: Access is denied. (0x5)
[0129/002447.089:ERROR:process_reader_win.cc(151)] SuspendThread: Access is denied. (0x5)
[0129/002447.133:ERROR:process_reader_win.cc(151)] SuspendThread: Access is denied. (0x5)
[0129/002447.133:ERROR:process_reader_win.cc(151)] SuspendThread: Access is denied. (0x5)
[0129/002447.134:ERROR:process_reader_win.cc(151)] SuspendThread: Access is denied. (0x5)
[0129/002447.134:ERROR:process_reader_win.cc(151)] SuspendThread: Access is denied. (0x5)
[0129/002447.134:ERROR:process_reader_win.cc(151)] SuspendThread: Access is denied. (0x5)
[0129/002447.134:ERROR:process_reader_win.cc(151)] SuspendThread: Access is denied. (0x5)
[0129/002447.134:ERROR:process_reader_win.cc(151)] SuspendThread: Access is denied. (0x5)
[0129/002447.134:ERROR:process_reader_win.cc(151)] SuspendThread: Access is denied. (0x5)
[0129/002447.135:ERROR:process_reader_win.cc(151)] SuspendThread: Access is denied. (0x5)
[0129/002447.132:ERROR:process_reader_win.cc(151)] SuspendThread: Access is denied. (0x5)
[0129/002447.137:ERROR:process_reader_win.cc(151)] SuspendThread: Access is denied. (0x5)
[0129/002447.137:ERROR:process_reader_win.cc(151)] SuspendThread: Access is denied. (0x5)
[0129/002447.137:ERROR:process_reader_win.cc(151)] SuspendThread: Access is denied. (0x5)
[0129/002447.137:ERROR:process_reader_win.cc(151)] SuspendThread: Access is denied. (0x5)
[0129/002447.157:ERROR:process_info.cc(329)] VirtualQueryEx: Access is denied. (0x5)
[0129/002447.157:ERROR:process_info.cc(556)] ReadMemoryInfo failed
[0129/002447.398:ERROR:process_reader_win.cc(151)] SuspendThread: Access is denied. (0x5)
[0129/002447.398:ERROR:process_reader_win.cc(151)] SuspendThread: Access is denied. (0x5)
[0129/002447.398:ERROR:process_reader_win.cc(151)] SuspendThread: Access is denied. (0x5)
[0129/002447.398:ERROR:process_reader_win.cc(151)] SuspendThread: Access is denied. (0x5)
[0129/002447.398:ERROR:process_reader_win.cc(151)] SuspendThread: Access is denied. (0x5)
[0129/002447.399:ERROR:process_reader_win.cc(151)] SuspendThread: Access is denied. (0x5)
[0129/002447.399:ERROR:process_reader_win.cc(151)] SuspendThread: Access is denied. (0x5)
[0129/002447.399:ERROR:process_reader_win.cc(151)] SuspendThread: Access is denied. (0x5)
[0129/002447.399:ERROR:process_reader_win.cc(123)] NtOpenThread: {Access Denied} A process has requested access to an object, but has not been granted those access rights. (0xc0000022)
[0129/002447.438:ERROR:exception_snapshot_win.cc(99)] thread ID 15676 not found in process
[0129/002447.132:ERROR:process_reader_win.cc(123)] NtOpenThread: {Access Denied} A process has requested access to an object, but has not been granted those access rights. (0xc0000022)
[0129/002447.439:ERROR:exception_snapshot_win.cc(99)] thread ID 14644 not found in process
[0129/002447.421:ERROR:process_reader_win.cc(123)] NtOpenThread: {Access Denied} A process has requested access to an object, but has not been granted those access rights. (0xc0000022)
[0129/002447.468:ERROR:exception_snapshot_win.cc(99)] thread ID 10436 not found in process
[0129/002447.133:ERROR:process_reader_win.cc(123)] NtOpenThread: {Access Denied} A process has requested access to an object, but has not been granted those access rights. (0xc0000022)
[0129/002447.489:ERROR:exception_snapshot_win.cc(99)] thread ID 14156 not found in process
[0129/002447.324:ERROR:scoped_process_suspend.cc(31)] NtSuspendProcess: An attempt was made to access an exiting process. (0xc000010a)
[0129/002447.137:ERROR:process_reader_win.cc(123)] NtOpenThread: {Access Denied} A process has requested access to an object, but has not been granted those access rights. (0xc0000022)
[0129/002447.135:ERROR:process_reader_win.cc(123)] NtOpenThread: {Access Denied} A process has requested access to an object, but has not been granted those access rights. (0xc0000022)
[0129/002447.490:ERROR:exception_snapshot_win.cc(99)] thread ID 7804 not found in process
[0129/002447.490:ERROR:exception_snapshot_win.cc(99)] thread ID 13584 not found in process
[0129/002447.124:ERROR:process_reader_win.cc(123)] NtOpenThread: {Access Denied} A process has requested access to an object, but has not been granted those access rights. (0xc0000022)
[0129/002447.491:ERROR:exception_snapshot_win.cc(99)] thread ID 16520 not found in process
[0129/002447.491:ERROR:scoped_process_suspend.cc(40)] NtResumeProcess: An attempt was made to access an exiting process. (0xc000010a)
[0129/002447.516:ERROR:process_reader_win.cc(123)] NtOpenThread: {Access Denied} A process has requested access to an object, but has not been granted those access rights. (0xc0000022)
[0129/002447.516:ERROR:exception_snapshot_win.cc(99)] thread ID 12140 not found in process
[0129/002447.157:ERROR:scoped_process_suspend.cc(40)] NtResumeProcess: An attempt was made to access an exiting process. (0xc000010a)
[0129/002447.390:ERROR:scoped_process_suspend.cc(31)] NtSuspendProcess: An attempt was made to access an exiting process. (0xc000010a)
[0129/002447.521:ERROR:process_info.cc(118)] ReadProcessMemory bool __cdecl crashpad::(anonymous namespace)::ReadStruct(HANDLE, crashpad::WinVMAddress, T *) [T = crashpad::process_types::PEB<crashpad::process_types::internal::Traits64>]: Only part of a ReadProcessMemory or WriteProcessMemory request was completed. (0x12B)
[0129/002447.522:ERROR:process_info.cc(551)] ReadProcessData failed
[0129/002447.431:ERROR:process_reader_win.cc(123)] NtOpenThread: {Access Denied} A process has requested access to an object, but has not been granted those access rights. (0xc0000022)
[0129/002447.522:ERROR:exception_snapshot_win.cc(99)] thread ID 12496 not found in process
[0129/002447.528:ERROR:process_reader_win.cc(123)] NtOpenThread: {Access Denied} A process has requested access to an object, but has not been granted those access rights. (0xc0000022)
[0129/002447.528:ERROR:exception_snapshot_win.cc(99)] thread ID 4948 not found in process
[0129/002447.529:ERROR:scoped_process_suspend.cc(31)] NtSuspendProcess: An attempt was made to access an exiting process. (0xc000010a)
[0129/002447.581:ERROR:process_reader_win.cc(151)] SuspendThread: Access is denied. (0x5)
[0129/002447.582:ERROR:process_reader_win.cc(123)] NtOpenThread: {Access Denied} A process has requested access to an object, but has not been granted those access rights. (0xc0000022)
[0129/002447.582:ERROR:exception_snapshot_win.cc(99)] thread ID 11684 not found in process
[0129/002447.584:ERROR:process_reader_win.cc(151)] SuspendThread: Access is denied. (0x5)
[0129/002447.590:ERROR:process_reader_win.cc(123)] NtOpenThread: {Access Denied} A process has requested access to an object, but has not been granted those access rights. (0xc0000022)
[0129/002447.599:ERROR:exception_snapshot_win.cc(99)] thread ID 16812 not found in process
[0129/002447.601:ERROR:exception_snapshot_win.cc(99)] thread ID 17196 not found in process
[0129/002447.731:ERROR:process_reader_win.cc(123)] NtOpenThread: {Access Denied} A process has requested access to an object, but has not been granted those access rights. (0xc0000022)
[0129/002447.731:ERROR:exception_snapshot_win.cc(99)] thread ID 16752 not found in process
[0129/002447.806:ERROR:process_reader_win.cc(123)] NtOpenThread: {Access Denied} A process has requested access to an object, but has not been granted those access rights. (0xc0000022)
[0129/002447.806:ERROR:exception_snapshot_win.cc(99)] thread ID 12092 not found in process
[0129/172612.233:ERROR:directory_reader_win.cc(43)] FindFirstFile: The system cannot find the path specified. (0x3)
[0129/232158.611:ERROR:process_reader_win.cc(151)] SuspendThread: Access is denied. (0x5)
[0129/232158.611:ERROR:process_reader_win.cc(151)] SuspendThread: Access is denied. (0x5)
[0129/232158.611:ERROR:process_reader_win.cc(151)] SuspendThread: Access is denied. (0x5)
[0129/232158.612:ERROR:process_reader_win.cc(123)] NtOpenThread: {Access Denied} A process has requested access to an object, but has not been granted those access rights. (0xc0000022)
[0129/232158.611:ERROR:process_reader_win.cc(123)] NtOpenThread: {Access Denied} A process has requested access to an object, but has not been granted those access rights. (0xc0000022)
[0129/232158.611:ERROR:process_reader_win.cc(123)] NtOpenThread: {Access Denied} A process has requested access to an object, but has not been granted those access rights. (0xc0000022)
[0129/232158.611:ERROR:process_reader_win.cc(123)] NtOpenThread: {Access Denied} A process has requested access to an object, but has not been granted those access rights. (0xc0000022)
[0129/232158.697:ERROR:exception_snapshot_win.cc(99)] thread ID 10156 not found in process
[0129/232158.697:ERROR:exception_snapshot_win.cc(99)] thread ID 14776 not found in process
[0129/232158.697:ERROR:exception_snapshot_win.cc(99)] thread ID 10044 not found in process
[0129/232158.697:ERROR:exception_snapshot_win.cc(99)] thread ID 13756 not found in process
